Started GET "/users/1/profiles" for ::1 at 2025-10-22 21:02:52 -0700
Processing by ProfilesController#index as */*
  Parameters: {"user_id" => "1"}
  [1m[36mUser Load (198.1ms)[0m  [1m[34mSELECT "users".* FROM "users" WHERE "users"."id" = 1 LIMIT 1 /*action='index',application='Backend',controller='profiles'*/[0m
  ↳ app/controllers/profiles_controller.rb:77:in 'ProfilesController#set_user'
  [1m[36mProfile Load (1.5ms)[0m  [1m[34mSELECT "profiles".* FROM "profiles" WHERE "profiles"."user_id" = 1 /*action='index',application='Backend',controller='profiles'*/[0m
  ↳ app/controllers/profiles_controller.rb:7:in 'ProfilesController#index'
Completed 200 OK in 211ms (Views: 7.7ms | ActiveRecord: 205.9ms (2 queries, 0 cached) | GC: 0.0ms)


Started GET "/users/1/profiles" for ::1 at 2025-10-22 21:03:21 -0700
Processing by ProfilesController#index as */*
  Parameters: {"user_id" => "1"}
  [1m[36mUser Load (0.6ms)[0m  [1m[34mSELECT "users".* FROM "users" WHERE "users"."id" = 1 LIMIT 1 /*action='index',application='Backend',controller='profiles'*/[0m
  ↳ app/controllers/profiles_controller.rb:77:in 'ProfilesController#set_user'
  [1m[36mProfile Load (0.4ms)[0m  [1m[34mSELECT "profiles".* FROM "profiles" WHERE "profiles"."user_id" = 1 /*action='index',application='Backend',controller='profiles'*/[0m
  ↳ app/controllers/profiles_controller.rb:7:in 'ProfilesController#index'
Completed 200 OK in 11ms (Views: 6.8ms | ActiveRecord: 1.0ms (2 queries, 0 cached) | GC: 0.0ms)


Started GET "/users/1/profiles/543/habits" for ::1 at 2025-10-22 21:03:53 -0700
Processing by HabitsController#index as */*
  Parameters: {"user_id" => "1", "profile_id" => "543"}
  [1m[36mProfile Load (0.5ms)[0m  [1m[34mSELECT "profiles".* FROM "profiles" WHERE "profiles"."id" = 543 LIMIT 1 /*action='index',application='Backend',controller='habits'*/[0m
  ↳ app/controllers/habits_controller.rb:39:in 'HabitsController#set_profile'
  [1m[36mUser Load (0.5ms)[0m  [1m[34mSELECT "users".* FROM "users" WHERE "users"."id" = 1 LIMIT 1 /*action='index',application='Backend',controller='habits'*/[0m
  ↳ app/controllers/habits_controller.rb:43:in 'HabitsController#current_user'
  [1m[36mHabit Load (1.4ms)[0m  [1m[34mSELECT "habits".* FROM "habits" WHERE "habits"."profile_id" = 543 /*action='index',application='Backend',controller='habits'*/[0m
  ↳ app/controllers/habits_controller.rb:15:in 'HabitsController#index'
Completed 200 OK in 12ms (Views: 2.9ms | ActiveRecord: 2.4ms (3 queries, 0 cached) | GC: 0.0ms)


Started POST "/users/1/profiles/543/habits" for ::1 at 2025-10-22 21:04:21 -0700
Processing by HabitsController#create as */*
  Parameters: {"habit" => {"profile_id" => 543, "name" => "Water", "description" => "Drink", "category" => "drinkingWater"}, "user_id" => "1", "profile_id" => "543"}
  [1m[36mProfile Load (0.4ms)[0m  [1m[34mSELECT "profiles".* FROM "profiles" WHERE "profiles"."id" = 543 LIMIT 1 /*action='create',application='Backend',controller='habits'*/[0m
  ↳ app/controllers/habits_controller.rb:39:in 'HabitsController#set_profile'
  [1m[36mUser Load (0.3ms)[0m  [1m[34mSELECT "users".* FROM "users" WHERE "users"."id" = 1 LIMIT 1 /*action='create',application='Backend',controller='habits'*/[0m
  ↳ app/controllers/habits_controller.rb:43:in 'HabitsController#current_user'
  [1m[36mTRANSACTION (0.2ms)[0m  [1m[35mBEGIN /*action='create',application='Backend',controller='habits'*/[0m
  ↳ app/controllers/habits_controller.rb:20:in 'HabitsController#create'
  [1m[36mHabit Create (5.1ms)[0m  [1m[32mINSERT INTO "habits" ("profile_id", "name", "description", "category") VALUES (543, 'Water', 'Drink', 'drinkingWater') RETURNING "id" /*action='create',application='Backend',controller='habits'*/[0m
  ↳ app/controllers/habits_controller.rb:20:in 'HabitsController#create'
  [1m[36mTRANSACTION (1.1ms)[0m  [1m[35mCOMMIT /*action='create',application='Backend',controller='habits'*/[0m
  ↳ app/controllers/habits_controller.rb:20:in 'HabitsController#create'
Completed 201 Created in 17ms (Views: 0.2ms | ActiveRecord: 7.1ms (3 queries, 0 cached) | GC: 0.0ms)


Started GET "/users/1/profiles/543/habits" for ::1 at 2025-10-22 21:04:21 -0700
Processing by HabitsController#index as */*
  Parameters: {"user_id" => "1", "profile_id" => "543"}
  [1m[36mProfile Load (0.3ms)[0m  [1m[34mSELECT "profiles".* FROM "profiles" WHERE "profiles"."id" = 543 LIMIT 1 /*action='index',application='Backend',controller='habits'*/[0m
  ↳ app/controllers/habits_controller.rb:39:in 'HabitsController#set_profile'
  [1m[36mUser Load (0.4ms)[0m  [1m[34mSELECT "users".* FROM "users" WHERE "users"."id" = 1 LIMIT 1 /*action='index',application='Backend',controller='habits'*/[0m
  ↳ app/controllers/habits_controller.rb:43:in 'HabitsController#current_user'
  [1m[36mHabit Load (0.3ms)[0m  [1m[34mSELECT "habits".* FROM "habits" WHERE "habits"."profile_id" = 543 /*action='index',application='Backend',controller='habits'*/[0m
  ↳ app/controllers/habits_controller.rb:15:in 'HabitsController#index'
Completed 200 OK in 9ms (Views: 3.7ms | ActiveRecord: 1.0ms (3 queries, 0 cached) | GC: 0.0ms)


Started GET "/habits/597/habit_logs" for ::1 at 2025-10-22 21:04:21 -0700
Processing by HabitLogsController#index as */*
  Parameters: {"habit_id" => "597"}
  [1m[36mHabit Load (0.3ms)[0m  [1m[34mSELECT "habits".* FROM "habits" WHERE "habits"."id" = 597 LIMIT 1 /*action='index',application='Backend',controller='habit_logs'*/[0m
  ↳ app/controllers/habit_logs_controller.rb:3:in 'HabitLogsController#index'
  [1m[36mHabitLog Load (1.2ms)[0m  [1m[34mSELECT "habit_logs".* FROM "habit_logs" WHERE "habit_logs"."habit_id" = 597 /*action='index',application='Backend',controller='habit_logs'*/[0m
  ↳ app/controllers/habit_logs_controller.rb:5:in 'HabitLogsController#index'
Completed 200 OK in 8ms (Views: 3.8ms | ActiveRecord: 1.5ms (2 queries, 0 cached) | GC: 0.0ms)


Started POST "/users/1/profiles/543/habits" for ::1 at 2025-10-22 21:04:38 -0700
Processing by HabitsController#create as */*
  Parameters: {"habit" => {"profile_id" => 543, "name" => "awd", "description" => "awd", "category" => "generic"}, "user_id" => "1", "profile_id" => "543"}
  [1m[36mProfile Load (0.4ms)[0m  [1m[34mSELECT "profiles".* FROM "profiles" WHERE "profiles"."id" = 543 LIMIT 1 /*action='create',application='Backend',controller='habits'*/[0m
  ↳ app/controllers/habits_controller.rb:39:in 'HabitsController#set_profile'
  [1m[36mUser Load (0.3ms)[0m  [1m[34mSELECT "users".* FROM "users" WHERE "users"."id" = 1 LIMIT 1 /*action='create',application='Backend',controller='habits'*/[0m
  ↳ app/controllers/habits_controller.rb:43:in 'HabitsController#current_user'
  [1m[36mTRANSACTION (0.2ms)[0m  [1m[35mBEGIN /*action='create',application='Backend',controller='habits'*/[0m
  ↳ app/controllers/habits_controller.rb:20:in 'HabitsController#create'
  [1m[36mHabit Create (3.1ms)[0m  [1m[32mINSERT INTO "habits" ("profile_id", "name", "description", "category") VALUES (543, 'awd', 'awd', 'generic') RETURNING "id" /*action='create',application='Backend',controller='habits'*/[0m
  ↳ app/controllers/habits_controller.rb:20:in 'HabitsController#create'
  [1m[36mTRANSACTION (0.4ms)[0m  [1m[35mCOMMIT /*action='create',application='Backend',controller='habits'*/[0m
  ↳ app/controllers/habits_controller.rb:20:in 'HabitsController#create'
Completed 201 Created in 14ms (Views: 0.2ms | ActiveRecord: 4.4ms (3 queries, 0 cached) | GC: 0.0ms)


Started GET "/users/1/profiles/543/habits" for ::1 at 2025-10-22 21:04:38 -0700
Processing by HabitsController#index as */*
  Parameters: {"user_id" => "1", "profile_id" => "543"}
  [1m[36mProfile Load (0.3ms)[0m  [1m[34mSELECT "profiles".* FROM "profiles" WHERE "profiles"."id" = 543 LIMIT 1 /*action='index',application='Backend',controller='habits'*/[0m
  ↳ app/controllers/habits_controller.rb:39:in 'HabitsController#set_profile'
  [1m[36mUser Load (0.3ms)[0m  [1m[34mSELECT "users".* FROM "users" WHERE "users"."id" = 1 LIMIT 1 /*action='index',application='Backend',controller='habits'*/[0m
  ↳ app/controllers/habits_controller.rb:43:in 'HabitsController#current_user'
  [1m[36mHabit Load (0.3ms)[0m  [1m[34mSELECT "habits".* FROM "habits" WHERE "habits"."profile_id" = 543 /*action='index',application='Backend',controller='habits'*/[0m
  ↳ app/controllers/habits_controller.rb:15:in 'HabitsController#index'
Completed 200 OK in 8ms (Views: 2.9ms | ActiveRecord: 0.9ms (3 queries, 0 cached) | GC: 0.0ms)


Started GET "/habits/597/habit_logs" for ::1 at 2025-10-22 21:04:38 -0700
Processing by HabitLogsController#index as */*
  Parameters: {"habit_id" => "597"}
  [1m[36mHabit Load (0.3ms)[0m  [1m[34mSELECT "habits".* FROM "habits" WHERE "habits"."id" = 597 LIMIT 1 /*action='index',application='Backend',controller='habit_logs'*/[0m
  ↳ app/controllers/habit_logs_controller.rb:3:in 'HabitLogsController#index'
  [1m[36mHabitLog Load (0.2ms)[0m  [1m[34mSELECT "habit_logs".* FROM "habit_logs" WHERE "habit_logs"."habit_id" = 597 /*action='index',application='Backend',controller='habit_logs'*/[0m
  ↳ app/controllers/habit_logs_controller.rb:5:in 'HabitLogsController#index'
Completed 200 OK in 5ms (Views: 2.9ms | ActiveRecord: 0.5ms (2 queries, 0 cached) | GC: 0.0ms)


Started GET "/habits/598/habit_logs" for ::1 at 2025-10-22 21:04:38 -0700
Processing by HabitLogsController#index as */*
  Parameters: {"habit_id" => "598"}
  [1m[36mHabit Load (0.4ms)[0m  [1m[34mSELECT "habits".* FROM "habits" WHERE "habits"."id" = 598 LIMIT 1 /*action='index',application='Backend',controller='habit_logs'*/[0m
  ↳ app/controllers/habit_logs_controller.rb:3:in 'HabitLogsController#index'
  [1m[36mHabitLog Load (0.2ms)[0m  [1m[34mSELECT "habit_logs".* FROM "habit_logs" WHERE "habit_logs"."habit_id" = 598 /*action='index',application='Backend',controller='habit_logs'*/[0m
  ↳ app/controllers/habit_logs_controller.rb:5:in 'HabitLogsController#index'
Completed 200 OK in 5ms (Views: 2.5ms | ActiveRecord: 0.6ms (2 queries, 0 cached) | GC: 0.0ms)


Started DELETE "/habits/598" for ::1 at 2025-10-22 21:04:43 -0700
Processing by HabitsController#destroy as */*
  Parameters: {"id" => "598", "habit" => {}}
  [1m[36mHabit Load (0.4ms)[0m  [1m[34mSELECT "habits".* FROM "habits" WHERE "habits"."id" = 598 LIMIT 1 /*action='destroy',application='Backend',controller='habits'*/[0m
  ↳ app/controllers/habits_controller.rb:28:in 'HabitsController#destroy'
  [1m[36mTRANSACTION (0.2ms)[0m  [1m[35mBEGIN /*action='destroy',application='Backend',controller='habits'*/[0m
  ↳ app/controllers/habits_controller.rb:30:in 'HabitsController#destroy'
  [1m[36mHabitLog Load (4.1ms)[0m  [1m[34mSELECT "habit_logs".* FROM "habit_logs" WHERE "habit_logs"."habit_id" = 598 /*action='destroy',application='Backend',controller='habits'*/[0m
  ↳ app/controllers/habits_controller.rb:30:in 'HabitsController#destroy'
  [1m[36mHabit Destroy (0.6ms)[0m  [1m[31mDELETE FROM "habits" WHERE "habits"."id" = 598 /*action='destroy',application='Backend',controller='habits'*/[0m
  ↳ app/controllers/habits_controller.rb:30:in 'HabitsController#destroy'
  [1m[36mTRANSACTION (0.4ms)[0m  [1m[35mCOMMIT /*action='destroy',application='Backend',controller='habits'*/[0m
  ↳ app/controllers/habits_controller.rb:30:in 'HabitsController#destroy'
Completed 200 OK in 14ms (Views: 0.1ms | ActiveRecord: 5.7ms (3 queries, 0 cached) | GC: 0.0ms)


Started GET "/users/1/profiles/543/habits" for ::1 at 2025-10-22 21:04:43 -0700
Processing by HabitsController#index as */*
  Parameters: {"user_id" => "1", "profile_id" => "543"}
  [1m[36mProfile Load (0.4ms)[0m  [1m[34mSELECT "profiles".* FROM "profiles" WHERE "profiles"."id" = 543 LIMIT 1 /*action='index',application='Backend',controller='habits'*/[0m
  ↳ app/controllers/habits_controller.rb:39:in 'HabitsController#set_profile'
  [1m[36mUser Load (0.3ms)[0m  [1m[34mSELECT "users".* FROM "users" WHERE "users"."id" = 1 LIMIT 1 /*action='index',application='Backend',controller='habits'*/[0m
  ↳ app/controllers/habits_controller.rb:43:in 'HabitsController#current_user'
  [1m[36mHabit Load (0.3ms)[0m  [1m[34mSELECT "habits".* FROM "habits" WHERE "habits"."profile_id" = 543 /*action='index',application='Backend',controller='habits'*/[0m
  ↳ app/controllers/habits_controller.rb:15:in 'HabitsController#index'
Completed 200 OK in 9ms (Views: 3.4ms | ActiveRecord: 1.0ms (3 queries, 0 cached) | GC: 0.0ms)


Started GET "/habits/597/habit_logs" for ::1 at 2025-10-22 21:04:43 -0700
Processing by HabitLogsController#index as */*
  Parameters: {"habit_id" => "597"}
  [1m[36mHabit Load (0.3ms)[0m  [1m[34mSELECT "habits".* FROM "habits" WHERE "habits"."id" = 597 LIMIT 1 /*action='index',application='Backend',controller='habit_logs'*/[0m
  ↳ app/controllers/habit_logs_controller.rb:3:in 'HabitLogsController#index'
  [1m[36mHabitLog Load (0.2ms)[0m  [1m[34mSELECT "habit_logs".* FROM "habit_logs" WHERE "habit_logs"."habit_id" = 597 /*action='index',application='Backend',controller='habit_logs'*/[0m
  ↳ app/controllers/habit_logs_controller.rb:5:in 'HabitLogsController#index'
Completed 200 OK in 5ms (Views: 2.5ms | ActiveRecord: 0.5ms (2 queries, 0 cached) | GC: 0.0ms)


Started DELETE "/habits/597" for ::1 at 2025-10-22 21:04:49 -0700
Processing by HabitsController#destroy as */*
  Parameters: {"id" => "597", "habit" => {}}
  [1m[36mHabit Load (0.4ms)[0m  [1m[34mSELECT "habits".* FROM "habits" WHERE "habits"."id" = 597 LIMIT 1 /*action='destroy',application='Backend',controller='habits'*/[0m
  ↳ app/controllers/habits_controller.rb:28:in 'HabitsController#destroy'
  [1m[36mTRANSACTION (0.2ms)[0m  [1m[35mBEGIN /*action='destroy',application='Backend',controller='habits'*/[0m
  ↳ app/controllers/habits_controller.rb:30:in 'HabitsController#destroy'
  [1m[36mHabitLog Load (4.5ms)[0m  [1m[34mSELECT "habit_logs".* FROM "habit_logs" WHERE "habit_logs"."habit_id" = 597 /*action='destroy',application='Backend',controller='habits'*/[0m
  ↳ app/controllers/habits_controller.rb:30:in 'HabitsController#destroy'
  [1m[36mHabit Destroy (0.4ms)[0m  [1m[31mDELETE FROM "habits" WHERE "habits"."id" = 597 /*action='destroy',application='Backend',controller='habits'*/[0m
  ↳ app/controllers/habits_controller.rb:30:in 'HabitsController#destroy'
  [1m[36mTRANSACTION (0.3ms)[0m  [1m[35mCOMMIT /*action='destroy',application='Backend',controller='habits'*/[0m
  ↳ app/controllers/habits_controller.rb:30:in 'HabitsController#destroy'
Completed 200 OK in 16ms (Views: 0.1ms | ActiveRecord: 5.7ms (3 queries, 0 cached) | GC: 0.0ms)


Started GET "/users/1/profiles/543/habits" for ::1 at 2025-10-22 21:04:49 -0700
Processing by HabitsController#index as */*
  Parameters: {"user_id" => "1", "profile_id" => "543"}
  [1m[36mProfile Load (0.4ms)[0m  [1m[34mSELECT "profiles".* FROM "profiles" WHERE "profiles"."id" = 543 LIMIT 1 /*action='index',application='Backend',controller='habits'*/[0m
  ↳ app/controllers/habits_controller.rb:39:in 'HabitsController#set_profile'
  [1m[36mUser Load (0.5ms)[0m  [1m[34mSELECT "users".* FROM "users" WHERE "users"."id" = 1 LIMIT 1 /*action='index',application='Backend',controller='habits'*/[0m
  ↳ app/controllers/habits_controller.rb:43:in 'HabitsController#current_user'
  [1m[36mHabit Load (0.3ms)[0m  [1m[34mSELECT "habits".* FROM "habits" WHERE "habits"."profile_id" = 543 /*action='index',application='Backend',controller='habits'*/[0m
  ↳ app/controllers/habits_controller.rb:15:in 'HabitsController#index'
Completed 200 OK in 12ms (Views: 5.1ms | ActiveRecord: 1.2ms (3 queries, 0 cached) | GC: 0.0ms)


Started GET "/users/1/profiles/543/habits" for ::1 at 2025-10-22 21:06:04 -0700
Processing by HabitsController#index as */*
  Parameters: {"user_id" => "1", "profile_id" => "543"}
  [1m[36mProfile Load (0.4ms)[0m  [1m[34mSELECT "profiles".* FROM "profiles" WHERE "profiles"."id" = 543 LIMIT 1 /*action='index',application='Backend',controller='habits'*/[0m
  ↳ app/controllers/habits_controller.rb:39:in 'HabitsController#set_profile'
  [1m[36mUser Load (0.3ms)[0m  [1m[34mSELECT "users".* FROM "users" WHERE "users"."id" = 1 LIMIT 1 /*action='index',application='Backend',controller='habits'*/[0m
  ↳ app/controllers/habits_controller.rb:43:in 'HabitsController#current_user'
  [1m[36mHabit Load (1.0ms)[0m  [1m[34mSELECT "habits".* FROM "habits" WHERE "habits"."profile_id" = 543 /*action='index',application='Backend',controller='habits'*/[0m
  ↳ app/controllers/habits_controller.rb:15:in 'HabitsController#index'
Completed 200 OK in 8ms (Views: 2.7ms | ActiveRecord: 1.6ms (3 queries, 0 cached) | GC: 0.0ms)


Started POST "/users/1/profiles/543/habits" for ::1 at 2025-10-22 22:32:08 -0700
Processing by HabitsController#create as */*
  Parameters: {"habit" => {"profile_id" => 543, "name" => "Bath", "description" => "", "category" => "adultBath"}, "user_id" => "1", "profile_id" => "543"}
  [1m[36mProfile Load (221.8ms)[0m  [1m[34mSELECT "profiles".* FROM "profiles" WHERE "profiles"."id" = 543 LIMIT 1 /*action='create',application='Backend',controller='habits'*/[0m
  ↳ app/controllers/habits_controller.rb:39:in 'HabitsController#set_profile'
  [1m[36mUser Load (2.4ms)[0m  [1m[34mSELECT "users".* FROM "users" WHERE "users"."id" = 1 LIMIT 1 /*action='create',application='Backend',controller='habits'*/[0m
  ↳ app/controllers/habits_controller.rb:43:in 'HabitsController#current_user'
  [1m[36mTRANSACTION (0.2ms)[0m  [1m[35mBEGIN /*action='create',application='Backend',controller='habits'*/[0m
  ↳ app/controllers/habits_controller.rb:20:in 'HabitsController#create'
  [1m[36mHabit Create (5.1ms)[0m  [1m[32mINSERT INTO "habits" ("profile_id", "name", "description", "category") VALUES (543, 'Bath', '', 'adultBath') RETURNING "id" /*action='create',application='Backend',controller='habits'*/[0m
  ↳ app/controllers/habits_controller.rb:20:in 'HabitsController#create'
  [1m[36mTRANSACTION (1.0ms)[0m  [1m[35mCOMMIT /*action='create',application='Backend',controller='habits'*/[0m
  ↳ app/controllers/habits_controller.rb:20:in 'HabitsController#create'
Completed 201 Created in 244ms (Views: 0.3ms | ActiveRecord: 238.3ms (3 queries, 0 cached) | GC: 0.0ms)


Started GET "/users/1/profiles/543/habits" for ::1 at 2025-10-22 22:32:09 -0700
Processing by HabitsController#index as */*
  Parameters: {"user_id" => "1", "profile_id" => "543"}
  [1m[36mProfile Load (0.4ms)[0m  [1m[34mSELECT "profiles".* FROM "profiles" WHERE "profiles"."id" = 543 LIMIT 1 /*action='index',application='Backend',controller='habits'*/[0m
  ↳ app/controllers/habits_controller.rb:39:in 'HabitsController#set_profile'
  [1m[36mUser Load (0.3ms)[0m  [1m[34mSELECT "users".* FROM "users" WHERE "users"."id" = 1 LIMIT 1 /*action='index',application='Backend',controller='habits'*/[0m
  ↳ app/controllers/habits_controller.rb:43:in 'HabitsController#current_user'
  [1m[36mHabit Load (1.0ms)[0m  [1m[34mSELECT "habits".* FROM "habits" WHERE "habits"."profile_id" = 543 /*action='index',application='Backend',controller='habits'*/[0m
  ↳ app/controllers/habits_controller.rb:15:in 'HabitsController#index'
Completed 200 OK in 9ms (Views: 3.6ms | ActiveRecord: 1.5ms (3 queries, 0 cached) | GC: 0.0ms)


Started GET "/habits/599/habit_logs" for ::1 at 2025-10-22 22:32:09 -0700
Processing by HabitLogsController#index as */*
  Parameters: {"habit_id" => "599"}
  [1m[36mHabit Load (0.3ms)[0m  [1m[34mSELECT "habits".* FROM "habits" WHERE "habits"."id" = 599 LIMIT 1 /*action='index',application='Backend',controller='habit_logs'*/[0m
  ↳ app/controllers/habit_logs_controller.rb:3:in 'HabitLogsController#index'
  [1m[36mHabitLog Load (1.6ms)[0m  [1m[34mSELECT "habit_logs".* FROM "habit_logs" WHERE "habit_logs"."habit_id" = 599 /*action='index',application='Backend',controller='habit_logs'*/[0m
  ↳ app/controllers/habit_logs_controller.rb:5:in 'HabitLogsController#index'
Completed 200 OK in 8ms (Views: 3.4ms | ActiveRecord: 1.9ms (2 queries, 0 cached) | GC: 0.0ms)


Started POST "/habits/599/habit_logs" for ::1 at 2025-10-22 22:32:15 -0700
Processing by HabitLogsController#create as */*
  Parameters: {"habit_log" => {"habit_id" => 599, "profile_id" => 543, "log_date" => "2025-10-23", "notes" => "", "extra_data" => {"type" => "bath"}}, "habit_id" => "599"}
  [1m[36mHabit Load (0.6ms)[0m  [1m[34mSELECT "habits".* FROM "habits" WHERE "habits"."id" = 599 LIMIT 1 /*action='create',application='Backend',controller='habit_logs'*/[0m
  ↳ app/controllers/habit_logs_controller.rb:9:in 'HabitLogsController#create'
  [1m[36mTRANSACTION (0.2ms)[0m  [1m[35mBEGIN /*action='create',application='Backend',controller='habit_logs'*/[0m
  ↳ app/controllers/habit_logs_controller.rb:12:in 'HabitLogsController#create'
  [1m[36mHabitLog Create (4.5ms)[0m  [1m[32mINSERT INTO "habit_logs" ("habit_id", "profile_id", "log_date", "notes", "extra_data", "created_at", "updated_at") VALUES (599, 543, '2025-10-23', '', '{"type":"bath"}', '2025-10-23 05:32:15.804238', '2025-10-23 05:32:15.804238') RETURNING "id" /*action='create',application='Backend',controller='habit_logs'*/[0m
  ↳ app/controllers/habit_logs_controller.rb:12:in 'HabitLogsController#create'
  [1m[36mTRANSACTION (0.4ms)[0m  [1m[35mCOMMIT /*action='create',application='Backend',controller='habit_logs'*/[0m
  ↳ app/controllers/habit_logs_controller.rb:12:in 'HabitLogsController#create'
Completed 201 Created in 14ms (Views: 0.7ms | ActiveRecord: 5.7ms (2 queries, 0 cached) | GC: 0.0ms)


Started GET "/habits/599/habit_logs" for ::1 at 2025-10-22 22:32:15 -0700
Processing by HabitLogsController#index as */*
  Parameters: {"habit_id" => "599"}
  [1m[36mHabit Load (0.3ms)[0m  [1m[34mSELECT "habits".* FROM "habits" WHERE "habits"."id" = 599 LIMIT 1 /*action='index',application='Backend',controller='habit_logs'*/[0m
  ↳ app/controllers/habit_logs_controller.rb:3:in 'HabitLogsController#index'
  [1m[36mHabitLog Load (0.2ms)[0m  [1m[34mSELECT "habit_logs".* FROM "habit_logs" WHERE "habit_logs"."habit_id" = 599 /*action='index',application='Backend',controller='habit_logs'*/[0m
  ↳ app/controllers/habit_logs_controller.rb:5:in 'HabitLogsController#index'
Completed 200 OK in 6ms (Views: 3.5ms | ActiveRecord: 0.5ms (2 queries, 0 cached) | GC: 0.0ms)


Started GET "/users/1/profiles/543/habits" for ::1 at 2025-10-22 22:32:15 -0700
Processing by HabitsController#index as */*
  Parameters: {"user_id" => "1", "profile_id" => "543"}
  [1m[36mProfile Load (0.3ms)[0m  [1m[34mSELECT "profiles".* FROM "profiles" WHERE "profiles"."id" = 543 LIMIT 1 /*action='index',application='Backend',controller='habits'*/[0m
  ↳ app/controllers/habits_controller.rb:39:in 'HabitsController#set_profile'
  [1m[36mUser Load (0.3ms)[0m  [1m[34mSELECT "users".* FROM "users" WHERE "users"."id" = 1 LIMIT 1 /*action='index',application='Backend',controller='habits'*/[0m
  ↳ app/controllers/habits_controller.rb:43:in 'HabitsController#current_user'
  [1m[36mHabit Load (0.3ms)[0m  [1m[34mSELECT "habits".* FROM "habits" WHERE "habits"."profile_id" = 543 /*action='index',application='Backend',controller='habits'*/[0m
  ↳ app/controllers/habits_controller.rb:15:in 'HabitsController#index'
Completed 200 OK in 9ms (Views: 3.4ms | ActiveRecord: 0.9ms (3 queries, 0 cached) | GC: 0.0ms)


Started GET "/habits/599/habit_logs" for ::1 at 2025-10-22 22:32:16 -0700
Processing by HabitLogsController#index as */*
  Parameters: {"habit_id" => "599"}
  [1m[36mHabit Load (0.3ms)[0m  [1m[34mSELECT "habits".* FROM "habits" WHERE "habits"."id" = 599 LIMIT 1 /*action='index',application='Backend',controller='habit_logs'*/[0m
  ↳ app/controllers/habit_logs_controller.rb:3:in 'HabitLogsController#index'
  [1m[36mHabitLog Load (0.2ms)[0m  [1m[34mSELECT "habit_logs".* FROM "habit_logs" WHERE "habit_logs"."habit_id" = 599 /*action='index',application='Backend',controller='habit_logs'*/[0m
  ↳ app/controllers/habit_logs_controller.rb:5:in 'HabitLogsController#index'
Completed 200 OK in 6ms (Views: 3.3ms | ActiveRecord: 0.5ms (2 queries, 0 cached) | GC: 0.0ms)


Started GET "/users/1/profiles" for ::1 at 2025-10-23 22:46:29 -0700
  [1m[36mActiveRecord::SchemaMigration Load (2.0ms)[0m  [1m[34mSELECT "schema_migrations"."version" FROM "schema_migrations" ORDER BY "schema_migrations"."version" ASC /*application='Backend'*/[0m
Processing by ProfilesController#index as */*
  Parameters: {"user_id" => "1"}
  [1m[36mUser Load (3.0ms)[0m  [1m[34mSELECT "users".* FROM "users" WHERE "users"."id" = 1 LIMIT 1 /*action='index',application='Backend',controller='profiles'*/[0m
  ↳ app/controllers/profiles_controller.rb:77:in 'ProfilesController#set_user'
  [1m[36mProfile Load (1.6ms)[0m  [1m[34mSELECT "profiles".* FROM "profiles" WHERE "profiles"."user_id" = 1 /*action='index',application='Backend',controller='profiles'*/[0m
  ↳ app/controllers/profiles_controller.rb:7:in 'ProfilesController#index'
Completed 200 OK in 822ms (Views: 105.1ms | ActiveRecord: 146.9ms (2 queries, 0 cached) | GC: 0.2ms)


Started GET "/users/1/profiles" for ::1 at 2025-10-23 22:48:33 -0700
Processing by ProfilesController#index as */*
  Parameters: {"user_id" => "1"}
  [1m[36mUser Load (0.5ms)[0m  [1m[34mSELECT "users".* FROM "users" WHERE "users"."id" = 1 LIMIT 1 /*action='index',application='Backend',controller='profiles'*/[0m
  ↳ app/controllers/profiles_controller.rb:77:in 'ProfilesController#set_user'
  [1m[36mProfile Load (0.3ms)[0m  [1m[34mSELECT "profiles".* FROM "profiles" WHERE "profiles"."user_id" = 1 /*action='index',application='Backend',controller='profiles'*/[0m
  ↳ app/controllers/profiles_controller.rb:7:in 'ProfilesController#index'
Completed 200 OK in 7ms (Views: 3.4ms | ActiveRecord: 0.8ms (2 queries, 0 cached) | GC: 0.0ms)


Started GET "/users/1/profiles" for ::1 at 2025-10-27 19:57:23 -0700
Started GET "/users/1/profiles" for ::1 at 2025-10-27 19:57:23 -0700
Started GET "/users/1/profiles" for ::1 at 2025-10-27 19:57:23 -0700
  [1m[36mActiveRecord::SchemaMigration Load (1.8ms)[0m  [1m[34mSELECT "schema_migrations"."version" FROM "schema_migrations" ORDER BY "schema_migrations"."version" ASC /*application='Backend'*/[0m
  
ActionController::RoutingError (No route matches [GET] "/users/1/profiles"):
  
  
ActionController::RoutingError (No route matches [GET] "/users/1/profiles"):
  
Started GET "/users/1/profiles" for ::1 at 2025-10-27 19:57:24 -0700
Processing by ProfilesController#index as */*
  Parameters: {"user_id" => "1"}
Processing by ProfilesController#index as */*
  Parameters: {"user_id" => "1"}
  [1m[36mUser Load (2.7ms)[0m  [1m[34mSELECT "users".* FROM "users" WHERE "users"."id" = 1 LIMIT 1 /*action='index',application='Backend',controller='profiles'*/[0m
  ↳ app/controllers/profiles_controller.rb:77:in 'ProfilesController#set_user'
  [1m[36mUser Load (17.8ms)[0m  [1m[34mSELECT "users".* FROM "users" WHERE "users"."id" = 1 LIMIT 1 /*action='index',application='Backend',controller='profiles'*/[0m
  ↳ app/controllers/profiles_controller.rb:77:in 'ProfilesController#set_user'
  [1m[36mProfile Load (1.3ms)[0m  [1m[34mSELECT "profiles".* FROM "profiles" WHERE "profiles"."user_id" = 1 /*action='index',application='Backend',controller='profiles'*/[0m
  ↳ app/controllers/profiles_controller.rb:7:in 'ProfilesController#index'
  [1m[36mProfile Load (15.8ms)[0m  [1m[34mSELECT "profiles".* FROM "profiles" WHERE "profiles"."user_id" = 1 /*action='index',application='Backend',controller='profiles'*/[0m
  ↳ app/controllers/profiles_controller.rb:7:in 'ProfilesController#index'
Completed 200 OK in 691ms (Views: 93.5ms | ActiveRecord: 156.6ms (2 queries, 0 cached) | GC: 0.0ms)


Completed 200 OK in 851ms (Views: 90.3ms | ActiveRecord: 179.2ms (2 queries, 0 cached) | GC: 0.0ms)


Started GET "/users/1/profiles/543/habits" for ::1 at 2025-10-27 19:57:28 -0700
Processing by HabitsController#index as */*
  Parameters: {"user_id" => "1", "profile_id" => "543"}
  [1m[36mProfile Load (0.5ms)[0m  [1m[34mSELECT "profiles".* FROM "profiles" WHERE "profiles"."id" = 543 LIMIT 1 /*action='index',application='Backend',controller='habits'*/[0m
  ↳ app/controllers/habits_controller.rb:39:in 'HabitsController#set_profile'
  [1m[36mUser Load (0.3ms)[0m  [1m[34mSELECT "users".* FROM "users" WHERE "users"."id" = 1 LIMIT 1 /*action='index',application='Backend',controller='habits'*/[0m
  ↳ app/controllers/habits_controller.rb:43:in 'HabitsController#current_user'
  [1m[36mHabit Load (0.9ms)[0m  [1m[34mSELECT "habits".* FROM "habits" WHERE "habits"."profile_id" = 543 /*action='index',application='Backend',controller='habits'*/[0m
  ↳ app/controllers/habits_controller.rb:15:in 'HabitsController#index'
Completed 200 OK in 40ms (Views: 7.2ms | ActiveRecord: 10.2ms (3 queries, 0 cached) | GC: 0.0ms)


Started GET "/habits/599/habit_logs" for ::1 at 2025-10-27 19:57:28 -0700
Processing by HabitLogsController#index as */*
  Parameters: {"habit_id" => "599"}
  [1m[36mHabit Load (0.3ms)[0m  [1m[34mSELECT "habits".* FROM "habits" WHERE "habits"."id" = 599 LIMIT 1 /*action='index',application='Backend',controller='habit_logs'*/[0m
  ↳ app/controllers/habit_logs_controller.rb:3:in 'HabitLogsController#index'
  [1m[36mHabitLog Load (1.7ms)[0m  [1m[34mSELECT "habit_logs".* FROM "habit_logs" WHERE "habit_logs"."habit_id" = 599 /*action='index',application='Backend',controller='habit_logs'*/[0m
  ↳ app/controllers/habit_logs_controller.rb:5:in 'HabitLogsController#index'
Completed 200 OK in 34ms (Views: 8.9ms | ActiveRecord: 5.3ms (2 queries, 0 cached) | GC: 0.0ms)


Started GET "/users/1/profiles/543/habits" for ::1 at 2025-10-27 20:07:53 -0700
Processing by HabitsController#index as */*
  Parameters: {"user_id" => "1", "profile_id" => "543"}
  [1m[36mProfile Load (212.8ms)[0m  [1m[34mSELECT "profiles".* FROM "profiles" WHERE "profiles"."id" = 543 LIMIT 1 /*action='index',application='Backend',controller='habits'*/[0m
  ↳ app/controllers/habits_controller.rb:39:in 'HabitsController#set_profile'
  [1m[36mUser Load (4.4ms)[0m  [1m[34mSELECT "users".* FROM "users" WHERE "users"."id" = 1 LIMIT 1 /*action='index',application='Backend',controller='habits'*/[0m
  ↳ app/controllers/habits_controller.rb:43:in 'HabitsController#current_user'
  [1m[36mHabit Load (1.8ms)[0m  [1m[34mSELECT "habits".* FROM "habits" WHERE "habits"."profile_id" = 543 /*action='index',application='Backend',controller='habits'*/[0m
  ↳ app/controllers/habits_controller.rb:15:in 'HabitsController#index'
Completed 200 OK in 238ms (Views: 8.3ms | ActiveRecord: 228.0ms (3 queries, 0 cached) | GC: 0.0ms)


Started GET "/users/1/profiles/543/habits" for ::1 at 2025-10-27 20:07:53 -0700
Processing by HabitsController#index as */*
  Parameters: {"user_id" => "1", "profile_id" => "543"}
  [1m[36mProfile Load (0.4ms)[0m  [1m[34mSELECT "profiles".* FROM "profiles" WHERE "profiles"."id" = 543 LIMIT 1 /*action='index',application='Backend',controller='habits'*/[0m
  ↳ app/controllers/habits_controller.rb:39:in 'HabitsController#set_profile'
  [1m[36mUser Load (0.4ms)[0m  [1m[34mSELECT "users".* FROM "users" WHERE "users"."id" = 1 LIMIT 1 /*action='index',application='Backend',controller='habits'*/[0m
  ↳ app/controllers/habits_controller.rb:43:in 'HabitsController#current_user'
  [1m[36mHabit Load (0.5ms)[0m  [1m[34mSELECT "habits".* FROM "habits" WHERE "habits"."profile_id" = 543 /*action='index',application='Backend',controller='habits'*/[0m
  ↳ app/controllers/habits_controller.rb:15:in 'HabitsController#index'
Completed 200 OK in 28ms (Views: 7.6ms | ActiveRecord: 1.3ms (3 queries, 0 cached) | GC: 0.0ms)


Started GET "/habits/599/habit_logs" for ::1 at 2025-10-27 20:07:54 -0700
Processing by HabitLogsController#index as */*
  Parameters: {"habit_id" => "599"}
  [1m[36mHabit Load (0.3ms)[0m  [1m[34mSELECT "habits".* FROM "habits" WHERE "habits"."id" = 599 LIMIT 1 /*action='index',application='Backend',controller='habit_logs'*/[0m
  ↳ app/controllers/habit_logs_controller.rb:3:in 'HabitLogsController#index'
  [1m[36mHabitLog Load (1.4ms)[0m  [1m[34mSELECT "habit_logs".* FROM "habit_logs" WHERE "habit_logs"."habit_id" = 599 /*action='index',application='Backend',controller='habit_logs'*/[0m
  ↳ app/controllers/habit_logs_controller.rb:5:in 'HabitLogsController#index'
Completed 200 OK in 9ms (Views: 4.4ms | ActiveRecord: 1.7ms (2 queries, 0 cached) | GC: 0.0ms)


Started GET "/users/1/profiles/543/habits" for ::1 at 2025-10-27 20:16:35 -0700
Processing by HabitsController#index as */*
  Parameters: {"user_id" => "1", "profile_id" => "543"}
  [1m[36mProfile Load (102.6ms)[0m  [1m[34mSELECT "profiles".* FROM "profiles" WHERE "profiles"."id" = 543 LIMIT 1 /*action='index',application='Backend',controller='habits'*/[0m
  ↳ app/controllers/habits_controller.rb:39:in 'HabitsController#set_profile'
  [1m[36mUser Load (3.4ms)[0m  [1m[34mSELECT "users".* FROM "users" WHERE "users"."id" = 1 LIMIT 1 /*action='index',application='Backend',controller='habits'*/[0m
  ↳ app/controllers/habits_controller.rb:43:in 'HabitsController#current_user'
  [1m[36mHabit Load (1.9ms)[0m  [1m[34mSELECT "habits".* FROM "habits" WHERE "habits"."profile_id" = 543 /*action='index',application='Backend',controller='habits'*/[0m
  ↳ app/controllers/habits_controller.rb:15:in 'HabitsController#index'
Completed 200 OK in 130ms (Views: 15.2ms | ActiveRecord: 115.3ms (3 queries, 0 cached) | GC: 0.0ms)


Started GET "/habits/599/habit_logs" for ::1 at 2025-10-27 20:16:36 -0700
Processing by HabitLogsController#index as */*
  Parameters: {"habit_id" => "599"}
  [1m[36mHabit Load (0.3ms)[0m  [1m[34mSELECT "habits".* FROM "habits" WHERE "habits"."id" = 599 LIMIT 1 /*action='index',application='Backend',controller='habit_logs'*/[0m
  ↳ app/controllers/habit_logs_controller.rb:3:in 'HabitLogsController#index'
  [1m[36mHabitLog Load (1.6ms)[0m  [1m[34mSELECT "habit_logs".* FROM "habit_logs" WHERE "habit_logs"."habit_id" = 599 /*action='index',application='Backend',controller='habit_logs'*/[0m
  ↳ app/controllers/habit_logs_controller.rb:5:in 'HabitLogsController#index'
Completed 200 OK in 9ms (Views: 4.6ms | ActiveRecord: 1.9ms (2 queries, 0 cached) | GC: 0.0ms)


Started POST "/users/1/profiles/543/habits" for ::1 at 2025-10-27 20:16:42 -0700
Processing by HabitsController#create as */*
  Parameters: {"habit" => {"profile_id" => 543, "name" => "zxc", "description" => "zxc", "category" => "cleaning"}, "user_id" => "1", "profile_id" => "543"}
  [1m[36mProfile Load (0.5ms)[0m  [1m[34mSELECT "profiles".* FROM "profiles" WHERE "profiles"."id" = 543 LIMIT 1 /*action='create',application='Backend',controller='habits'*/[0m
  ↳ app/controllers/habits_controller.rb:39:in 'HabitsController#set_profile'
  [1m[36mUser Load (0.3ms)[0m  [1m[34mSELECT "users".* FROM "users" WHERE "users"."id" = 1 LIMIT 1 /*action='create',application='Backend',controller='habits'*/[0m
  ↳ app/controllers/habits_controller.rb:43:in 'HabitsController#current_user'
  [1m[36mTRANSACTION (0.2ms)[0m  [1m[35mBEGIN /*action='create',application='Backend',controller='habits'*/[0m
  ↳ app/controllers/habits_controller.rb:20:in 'HabitsController#create'
  [1m[36mHabit Create (50.7ms)[0m  [1m[32mINSERT INTO "habits" ("profile_id", "name", "description", "category") VALUES (543, 'zxc', 'zxc', 'cleaning') RETURNING "id" /*action='create',application='Backend',controller='habits'*/[0m
  ↳ app/controllers/habits_controller.rb:20:in 'HabitsController#create'
  [1m[36mTRANSACTION (1.4ms)[0m  [1m[35mCOMMIT /*action='create',application='Backend',controller='habits'*/[0m
  ↳ app/controllers/habits_controller.rb:20:in 'HabitsController#create'
Completed 201 Created in 64ms (Views: 0.2ms | ActiveRecord: 53.0ms (3 queries, 0 cached) | GC: 0.0ms)


Started GET "/users/1/profiles/543/habits" for ::1 at 2025-10-27 20:16:43 -0700
Processing by HabitsController#index as */*
  Parameters: {"user_id" => "1", "profile_id" => "543"}
  [1m[36mProfile Load (0.4ms)[0m  [1m[34mSELECT "profiles".* FROM "profiles" WHERE "profiles"."id" = 543 LIMIT 1 /*action='index',application='Backend',controller='habits'*/[0m
  ↳ app/controllers/habits_controller.rb:39:in 'HabitsController#set_profile'
  [1m[36mUser Load (0.3ms)[0m  [1m[34mSELECT "users".* FROM "users" WHERE "users"."id" = 1 LIMIT 1 /*action='index',application='Backend',controller='habits'*/[0m
  ↳ app/controllers/habits_controller.rb:43:in 'HabitsController#current_user'
  [1m[36mHabit Load (0.3ms)[0m  [1m[34mSELECT "habits".* FROM "habits" WHERE "habits"."profile_id" = 543 /*action='index',application='Backend',controller='habits'*/[0m
  ↳ app/controllers/habits_controller.rb:15:in 'HabitsController#index'
Completed 200 OK in 9ms (Views: 3.2ms | ActiveRecord: 1.0ms (3 queries, 0 cached) | GC: 0.0ms)


Started GET "/habits/599/habit_logs" for ::1 at 2025-10-27 20:16:43 -0700
Processing by HabitLogsController#index as */*
  Parameters: {"habit_id" => "599"}
  [1m[36mHabit Load (0.3ms)[0m  [1m[34mSELECT "habits".* FROM "habits" WHERE "habits"."id" = 599 LIMIT 1 /*action='index',application='Backend',controller='habit_logs'*/[0m
  ↳ app/controllers/habit_logs_controller.rb:3:in 'HabitLogsController#index'
  [1m[36mHabitLog Load (0.3ms)[0m  [1m[34mSELECT "habit_logs".* FROM "habit_logs" WHERE "habit_logs"."habit_id" = 599 /*action='index',application='Backend',controller='habit_logs'*/[0m
  ↳ app/controllers/habit_logs_controller.rb:5:in 'HabitLogsController#index'
Completed 200 OK in 7ms (Views: 3.7ms | ActiveRecord: 0.6ms (2 queries, 0 cached) | GC: 0.0ms)


Started GET "/habits/601/habit_logs" for ::1 at 2025-10-27 20:16:43 -0700
Processing by HabitLogsController#index as */*
  Parameters: {"habit_id" => "601"}
  [1m[36mHabit Load (0.4ms)[0m  [1m[34mSELECT "habits".* FROM "habits" WHERE "habits"."id" = 601 LIMIT 1 /*action='index',application='Backend',controller='habit_logs'*/[0m
  ↳ app/controllers/habit_logs_controller.rb:3:in 'HabitLogsController#index'
  [1m[36mHabitLog Load (0.2ms)[0m  [1m[34mSELECT "habit_logs".* FROM "habit_logs" WHERE "habit_logs"."habit_id" = 601 /*action='index',application='Backend',controller='habit_logs'*/[0m
  ↳ app/controllers/habit_logs_controller.rb:5:in 'HabitLogsController#index'
Completed 200 OK in 6ms (Views: 2.7ms | ActiveRecord: 0.6ms (2 queries, 0 cached) | GC: 0.0ms)


Started POST "/habits/601/habit_logs" for ::1 at 2025-10-27 20:16:47 -0700
Processing by HabitLogsController#create as */*
  Parameters: {"habit_log" => {"habit_id" => 601, "profile_id" => 543, "log_date" => "2025-10-28", "notes" => "zxc", "extra_data" => {"type" => "zxc"}}, "habit_id" => "601"}
  [1m[36mHabit Load (0.5ms)[0m  [1m[34mSELECT "habits".* FROM "habits" WHERE "habits"."id" = 601 LIMIT 1 /*action='create',application='Backend',controller='habit_logs'*/[0m
  ↳ app/controllers/habit_logs_controller.rb:9:in 'HabitLogsController#create'
  [1m[36mTRANSACTION (0.1ms)[0m  [1m[35mBEGIN /*action='create',application='Backend',controller='habit_logs'*/[0m
  ↳ app/controllers/habit_logs_controller.rb:12:in 'HabitLogsController#create'
  [1m[36mHabitLog Create (19.6ms)[0m  [1m[32mINSERT INTO "habit_logs" ("habit_id", "profile_id", "log_date", "notes", "extra_data", "created_at", "updated_at") VALUES (601, 543, '2025-10-28', 'zxc', '{"type":"zxc"}', '2025-10-28 03:16:47.769650', '2025-10-28 03:16:47.769650') RETURNING "id" /*action='create',application='Backend',controller='habit_logs'*/[0m
  ↳ app/controllers/habit_logs_controller.rb:12:in 'HabitLogsController#create'
  [1m[36mTRANSACTION (0.5ms)[0m  [1m[35mCOMMIT /*action='create',application='Backend',controller='habit_logs'*/[0m
  ↳ app/controllers/habit_logs_controller.rb:12:in 'HabitLogsController#create'
Completed 201 Created in 30ms (Views: 0.5ms | ActiveRecord: 20.6ms (2 queries, 0 cached) | GC: 0.0ms)


Started GET "/habits/601/habit_logs" for ::1 at 2025-10-27 20:16:47 -0700
Processing by HabitLogsController#index as */*
  Parameters: {"habit_id" => "601"}
  [1m[36mHabit Load (0.3ms)[0m  [1m[34mSELECT "habits".* FROM "habits" WHERE "habits"."id" = 601 LIMIT 1 /*action='index',application='Backend',controller='habit_logs'*/[0m
  ↳ app/controllers/habit_logs_controller.rb:3:in 'HabitLogsController#index'
  [1m[36mHabitLog Load (0.3ms)[0m  [1m[34mSELECT "habit_logs".* FROM "habit_logs" WHERE "habit_logs"."habit_id" = 601 /*action='index',application='Backend',controller='habit_logs'*/[0m
  ↳ app/controllers/habit_logs_controller.rb:5:in 'HabitLogsController#index'
Completed 200 OK in 7ms (Views: 3.7ms | ActiveRecord: 0.6ms (2 queries, 0 cached) | GC: 0.0ms)


Started GET "/users/1/profiles/543/habits" for ::1 at 2025-10-27 20:16:47 -0700
Processing by HabitsController#index as */*
  Parameters: {"user_id" => "1", "profile_id" => "543"}
  [1m[36mProfile Load (0.3ms)[0m  [1m[34mSELECT "profiles".* FROM "profiles" WHERE "profiles"."id" = 543 LIMIT 1 /*action='index',application='Backend',controller='habits'*/[0m
  ↳ app/controllers/habits_controller.rb:39:in 'HabitsController#set_profile'
  [1m[36mUser Load (0.3ms)[0m  [1m[34mSELECT "users".* FROM "users" WHERE "users"."id" = 1 LIMIT 1 /*action='index',application='Backend',controller='habits'*/[0m
  ↳ app/controllers/habits_controller.rb:43:in 'HabitsController#current_user'
  [1m[36mHabit Load (0.4ms)[0m  [1m[34mSELECT "habits".* FROM "habits" WHERE "habits"."profile_id" = 543 /*action='index',application='Backend',controller='habits'*/[0m
  ↳ app/controllers/habits_controller.rb:15:in 'HabitsController#index'
Completed 200 OK in 10ms (Views: 4.8ms | ActiveRecord: 1.0ms (3 queries, 0 cached) | GC: 0.0ms)


Started GET "/habits/599/habit_logs" for ::1 at 2025-10-27 20:16:48 -0700
Processing by HabitLogsController#index as */*
  Parameters: {"habit_id" => "599"}
  [1m[36mHabit Load (0.5ms)[0m  [1m[34mSELECT "habits".* FROM "habits" WHERE "habits"."id" = 599 LIMIT 1 /*action='index',application='Backend',controller='habit_logs'*/[0m
  ↳ app/controllers/habit_logs_controller.rb:3:in 'HabitLogsController#index'
  [1m[36mHabitLog Load (0.3ms)[0m  [1m[34mSELECT "habit_logs".* FROM "habit_logs" WHERE "habit_logs"."habit_id" = 599 /*action='index',application='Backend',controller='habit_logs'*/[0m
  ↳ app/controllers/habit_logs_controller.rb:5:in 'HabitLogsController#index'
Completed 200 OK in 7ms (Views: 3.3ms | ActiveRecord: 0.8ms (2 queries, 0 cached) | GC: 0.0ms)


Started GET "/habits/601/habit_logs" for ::1 at 2025-10-27 20:16:48 -0700
Processing by HabitLogsController#index as */*
  Parameters: {"habit_id" => "601"}
  [1m[36mHabit Load (0.3ms)[0m  [1m[34mSELECT "habits".* FROM "habits" WHERE "habits"."id" = 601 LIMIT 1 /*action='index',application='Backend',controller='habit_logs'*/[0m
  ↳ app/controllers/habit_logs_controller.rb:3:in 'HabitLogsController#index'
  [1m[36mHabitLog Load (0.3ms)[0m  [1m[34mSELECT "habit_logs".* FROM "habit_logs" WHERE "habit_logs"."habit_id" = 601 /*action='index',application='Backend',controller='habit_logs'*/[0m
  ↳ app/controllers/habit_logs_controller.rb:5:in 'HabitLogsController#index'
Completed 200 OK in 6ms (Views: 3.4ms | ActiveRecord: 0.6ms (2 queries, 0 cached) | GC: 0.0ms)


Started DELETE "/habits/601" for ::1 at 2025-10-27 20:18:54 -0700
Processing by HabitsController#destroy as */*
  Parameters: {"id" => "601", "habit" => {}}
  [1m[36mHabit Load (0.4ms)[0m  [1m[34mSELECT "habits".* FROM "habits" WHERE "habits"."id" = 601 LIMIT 1 /*action='destroy',application='Backend',controller='habits'*/[0m
  ↳ app/controllers/habits_controller.rb:28:in 'HabitsController#destroy'
  [1m[36mTRANSACTION (0.2ms)[0m  [1m[35mBEGIN /*action='destroy',application='Backend',controller='habits'*/[0m
  ↳ app/controllers/habits_controller.rb:30:in 'HabitsController#destroy'
  [1m[36mHabitLog Load (3.1ms)[0m  [1m[34mSELECT "habit_logs".* FROM "habit_logs" WHERE "habit_logs"."habit_id" = 601 /*action='destroy',application='Backend',controller='habits'*/[0m
  ↳ app/controllers/habits_controller.rb:30:in 'HabitsController#destroy'
  [1m[36mHabitLog Destroy (25.2ms)[0m  [1m[31mDELETE FROM "habit_logs" WHERE "habit_logs"."id" = 602 /*action='destroy',application='Backend',controller='habits'*/[0m
  ↳ app/controllers/habits_controller.rb:30:in 'HabitsController#destroy'
  [1m[36mHabit Destroy (0.4ms)[0m  [1m[31mDELETE FROM "habits" WHERE "habits"."id" = 601 /*action='destroy',application='Backend',controller='habits'*/[0m
  ↳ app/controllers/habits_controller.rb:30:in 'HabitsController#destroy'
  [1m[36mTRANSACTION (0.4ms)[0m  [1m[35mCOMMIT /*action='destroy',application='Backend',controller='habits'*/[0m
  ↳ app/controllers/habits_controller.rb:30:in 'HabitsController#destroy'
Completed 200 OK in 44ms (Views: 0.2ms | ActiveRecord: 29.7ms (4 queries, 0 cached) | GC: 0.0ms)


Started GET "/users/1/profiles/543/habits" for ::1 at 2025-10-27 20:18:54 -0700
Processing by HabitsController#index as */*
  Parameters: {"user_id" => "1", "profile_id" => "543"}
  [1m[36mProfile Load (0.3ms)[0m  [1m[34mSELECT "profiles".* FROM "profiles" WHERE "profiles"."id" = 543 LIMIT 1 /*action='index',application='Backend',controller='habits'*/[0m
  ↳ app/controllers/habits_controller.rb:39:in 'HabitsController#set_profile'
  [1m[36mUser Load (0.3ms)[0m  [1m[34mSELECT "users".* FROM "users" WHERE "users"."id" = 1 LIMIT 1 /*action='index',application='Backend',controller='habits'*/[0m
  ↳ app/controllers/habits_controller.rb:43:in 'HabitsController#current_user'
  [1m[36mHabit Load (0.4ms)[0m  [1m[34mSELECT "habits".* FROM "habits" WHERE "habits"."profile_id" = 543 /*action='index',application='Backend',controller='habits'*/[0m
  ↳ app/controllers/habits_controller.rb:15:in 'HabitsController#index'
Completed 200 OK in 10ms (Views: 4.2ms | ActiveRecord: 1.0ms (3 queries, 0 cached) | GC: 0.0ms)


Started GET "/habits/599/habit_logs" for ::1 at 2025-10-27 20:18:54 -0700
Processing by HabitLogsController#index as */*
  Parameters: {"habit_id" => "599"}
  [1m[36mHabit Load (0.3ms)[0m  [1m[34mSELECT "habits".* FROM "habits" WHERE "habits"."id" = 599 LIMIT 1 /*action='index',application='Backend',controller='habit_logs'*/[0m
  ↳ app/controllers/habit_logs_controller.rb:3:in 'HabitLogsController#index'
  [1m[36mHabitLog Load (0.4ms)[0m  [1m[34mSELECT "habit_logs".* FROM "habit_logs" WHERE "habit_logs"."habit_id" = 599 /*action='index',application='Backend',controller='habit_logs'*/[0m
  ↳ app/controllers/habit_logs_controller.rb:5:in 'HabitLogsController#index'
Completed 200 OK in 7ms (Views: 3.5ms | ActiveRecord: 0.6ms (2 queries, 0 cached) | GC: 0.0ms)


